<?xml version="1.0" encoding="UTF-8"?>
<!-- Generated by org.testng.reporters.JUnitXMLReporter -->
<testsuite hostname="DESKTOP-B0LBAH8" ignored="2" name="Unit" tests="1" failures="0" timestamp="15 Feb 2018 19:39:24 GMT" time="0.031" errors="0">
  <testcase name="specialTest" time="0.0" classname="TestngWork.WorkingWithTestNG"/>
  <testcase name="secondTestNGTest" time="0.0" classname="TestngWork.WorkingWithTestNG">
    <ignored/>
  </testcase> <!-- secondTestNGTest -->
  <testcase name="firstTestNGTest" time="0.0" classname="TestngWork.WorkingWithTestNG">
    <ignored/>
  </testcase> <!-- firstTestNGTest -->
</testsuite> <!-- Unit -->
