<?xml version="1.0" encoding="UTF-8"?>
<testng-results skipped="0" failed="0" ignored="0" total="0" passed="0">
  <reporter-output>
  </reporter-output>
  <suite name="BeginingTestNG.FirstTestNGLesson.AppTest" duration-ms="0" started-at="2018-02-15T18:32:43Z" finished-at="2018-02-15T18:32:43Z">
    <groups>
    </groups>
    <test name="Command line test" duration-ms="0" started-at="2018-02-15T18:32:43Z" finished-at="2018-02-15T18:32:43Z">
    </test> <!-- Command line test -->
  </suite> <!-- BeginingTestNG.FirstTestNGLesson.AppTest -->
</testng-results>
